<?xml version="1.0" encoding="UTF-8"?>
<!-- Generated by org.testng.reporters.JUnitReportReporter -->
<testsuite hostname="DESKTOP-P3MSPGH" failures="0" tests="5" name="testcase.TC_VideoGameAPITC" time="4.348" errors="0" timestamp="14 May 2022 19:16:30 GMT" skipped="0">
  <testcase classname="testcase.TC_VideoGameAPITC" name="test_getAllVideoGames" time="1.903"/>
  <testcase classname="testcase.TC_VideoGameAPITC" name="test_addNewVideoGame" time="1.171"/>
  <testcase classname="testcase.TC_VideoGameAPITC" name="test_getVideoGame" time="1.113"/>
  <testcase classname="testcase.TC_VideoGameAPITC" name="test_UpdateVideoGame" time="0.116"/>
  <testcase classname="testcase.TC_VideoGameAPITC" name="test_DeleteVideoGame" time="0.045"/>
</testsuite> <!-- testcase.TC_VideoGameAPITC -->
